-------------------------------------------------------------------------------
Test set: com.example.cifixer.store.ValidationRepositoryTest
-------------------------------------------------------------------------------
Tests run: 8, Failures: 0, Errors: 8, Skipped: 0, Time elapsed: 3.069 s <<< FAILURE! - in com.example.cifixer.store.ValidationRepositoryTest
shouldFindLatestValidationByType  Time elapsed: 0.278 s  <<< ERROR!
org.springframework.dao.InvalidDataAccessResourceUsageException: could not prepare statement; SQL [insert into builds (branch, build_number, commit_sha, created_at, job, payload, repo_url, status, updated_at) values (?, ?, ?, ?, ?, ?, ?, ?, ?)]; nested exception is org.hibernate.exception.SQLGrammarException: could not prepare statement
	at com.example.cifixer.store.ValidationRepositoryTest.setUp(ValidationRepositoryTest.java:29)
Caused by: org.hibernate.exception.SQLGrammarException: could not prepare statement
	at com.example.cifixer.store.ValidationRepositoryTest.setUp(ValidationRepositoryTest.java:29)
Caused by: org.h2.jdbc.JdbcSQLSyntaxErrorException: 
Table "BUILDS" not found; SQL statement:
insert into builds (branch, build_number, commit_sha, created_at, job, payload, repo_url, status, updated_at) values (?, ?, ?, ?, ?, ?, ?, ?, ?) [42102-214]
	at com.example.cifixer.store.ValidationRepositoryTest.setUp(ValidationRepositoryTest.java:29)

shouldSaveAndRetrieveValidation  Time elapsed: 0.005 s  <<< ERROR!
org.springframework.dao.InvalidDataAccessResourceUsageException: could not prepare statement; SQL [insert into builds (branch, build_number, commit_sha, created_at, job, payload, repo_url, status, updated_at) values (?, ?, ?, ?, ?, ?, ?, ?, ?)]; nested exception is org.hibernate.exception.SQLGrammarException: could not prepare statement
	at com.example.cifixer.store.ValidationRepositoryTest.setUp(ValidationRepositoryTest.java:29)
Caused by: org.hibernate.exception.SQLGrammarException: could not prepare statement
	at com.example.cifixer.store.ValidationRepositoryTest.setUp(ValidationRepositoryTest.java:29)
Caused by: org.h2.jdbc.JdbcSQLSyntaxErrorException: 
Table "BUILDS" not found; SQL statement:
insert into builds (branch, build_number, commit_sha, created_at, job, payload, repo_url, status, updated_at) values (?, ?, ?, ?, ?, ?, ?, ?, ?) [42102-214]
	at com.example.cifixer.store.ValidationRepositoryTest.setUp(ValidationRepositoryTest.java:29)

shouldFindSuccessfulValidations  Time elapsed: 0.004 s  <<< ERROR!
org.springframework.dao.InvalidDataAccessResourceUsageException: could not prepare statement; SQL [insert into builds (branch, build_number, commit_sha, created_at, job, payload, repo_url, status, updated_at) values (?, ?, ?, ?, ?, ?, ?, ?, ?)]; nested exception is org.hibernate.exception.SQLGrammarException: could not prepare statement
	at com.example.cifixer.store.ValidationRepositoryTest.setUp(ValidationRepositoryTest.java:29)
Caused by: org.hibernate.exception.SQLGrammarException: could not prepare statement
	at com.example.cifixer.store.ValidationRepositoryTest.setUp(ValidationRepositoryTest.java:29)
Caused by: org.h2.jdbc.JdbcSQLSyntaxErrorException: 
Table "BUILDS" not found; SQL statement:
insert into builds (branch, build_number, commit_sha, created_at, job, payload, repo_url, status, updated_at) values (?, ?, ?, ?, ?, ?, ?, ?, ?) [42102-214]
	at com.example.cifixer.store.ValidationRepositoryTest.setUp(ValidationRepositoryTest.java:29)

shouldCountValidationsByBuildAndType  Time elapsed: 0.007 s  <<< ERROR!
org.springframework.dao.InvalidDataAccessResourceUsageException: could not prepare statement; SQL [insert into builds (branch, build_number, commit_sha, created_at, job, payload, repo_url, status, updated_at) values (?, ?, ?, ?, ?, ?, ?, ?, ?)]; nested exception is org.hibernate.exception.SQLGrammarException: could not prepare statement
	at com.example.cifixer.store.ValidationRepositoryTest.setUp(ValidationRepositoryTest.java:29)
Caused by: org.hibernate.exception.SQLGrammarException: could not prepare statement
	at com.example.cifixer.store.ValidationRepositoryTest.setUp(ValidationRepositoryTest.java:29)
Caused by: org.h2.jdbc.JdbcSQLSyntaxErrorException: 
Table "BUILDS" not found; SQL statement:
insert into builds (branch, build_number, commit_sha, created_at, job, payload, repo_url, status, updated_at) values (?, ?, ?, ?, ?, ?, ?, ?, ?) [42102-214]
	at com.example.cifixer.store.ValidationRepositoryTest.setUp(ValidationRepositoryTest.java:29)

shouldHandleEmptyResults  Time elapsed: 0.005 s  <<< ERROR!
org.springframework.dao.InvalidDataAccessResourceUsageException: could not prepare statement; SQL [insert into builds (branch, build_number, commit_sha, created_at, job, payload, repo_url, status, updated_at) values (?, ?, ?, ?, ?, ?, ?, ?, ?)]; nested exception is org.hibernate.exception.SQLGrammarException: could not prepare statement
	at com.example.cifixer.store.ValidationRepositoryTest.setUp(ValidationRepositoryTest.java:29)
Caused by: org.hibernate.exception.SQLGrammarException: could not prepare statement
	at com.example.cifixer.store.ValidationRepositoryTest.setUp(ValidationRepositoryTest.java:29)
Caused by: org.h2.jdbc.JdbcSQLSyntaxErrorException: 
Table "BUILDS" not found; SQL statement:
insert into builds (branch, build_number, commit_sha, created_at, job, payload, repo_url, status, updated_at) values (?, ?, ?, ?, ?, ?, ?, ?, ?) [42102-214]
	at com.example.cifixer.store.ValidationRepositoryTest.setUp(ValidationRepositoryTest.java:29)

shouldCheckIfHasSuccessfulValidation  Time elapsed: 0 s  <<< ERROR!
org.springframework.dao.InvalidDataAccessResourceUsageException: could not prepare statement; SQL [insert into builds (branch, build_number, commit_sha, created_at, job, payload, repo_url, status, updated_at) values (?, ?, ?, ?, ?, ?, ?, ?, ?)]; nested exception is org.hibernate.exception.SQLGrammarException: could not prepare statement
	at com.example.cifixer.store.ValidationRepositoryTest.setUp(ValidationRepositoryTest.java:29)
Caused by: org.hibernate.exception.SQLGrammarException: could not prepare statement
	at com.example.cifixer.store.ValidationRepositoryTest.setUp(ValidationRepositoryTest.java:29)
Caused by: org.h2.jdbc.JdbcSQLSyntaxErrorException: 
Table "BUILDS" not found; SQL statement:
insert into builds (branch, build_number, commit_sha, created_at, job, payload, repo_url, status, updated_at) values (?, ?, ?, ?, ?, ?, ?, ?, ?) [42102-214]
	at com.example.cifixer.store.ValidationRepositoryTest.setUp(ValidationRepositoryTest.java:29)

shouldFindValidationsByBuildIdOrderedByCreatedAt  Time elapsed: 0.009 s  <<< ERROR!
org.springframework.dao.InvalidDataAccessResourceUsageException: could not prepare statement; SQL [insert into builds (branch, build_number, commit_sha, created_at, job, payload, repo_url, status, updated_at) values (?, ?, ?, ?, ?, ?, ?, ?, ?)]; nested exception is org.hibernate.exception.SQLGrammarException: could not prepare statement
	at com.example.cifixer.store.ValidationRepositoryTest.setUp(ValidationRepositoryTest.java:29)
Caused by: org.hibernate.exception.SQLGrammarException: could not prepare statement
	at com.example.cifixer.store.ValidationRepositoryTest.setUp(ValidationRepositoryTest.java:29)
Caused by: org.h2.jdbc.JdbcSQLSyntaxErrorException: 
Table "BUILDS" not found; SQL statement:
insert into builds (branch, build_number, commit_sha, created_at, job, payload, repo_url, status, updated_at) values (?, ?, ?, ?, ?, ?, ?, ?, ?) [42102-214]
	at com.example.cifixer.store.ValidationRepositoryTest.setUp(ValidationRepositoryTest.java:29)

shouldHandleValidationWithNullOutputs  Time elapsed: 0 s  <<< ERROR!
org.springframework.dao.InvalidDataAccessResourceUsageException: could not prepare statement; SQL [insert into builds (branch, build_number, commit_sha, created_at, job, payload, repo_url, status, updated_at) values (?, ?, ?, ?, ?, ?, ?, ?, ?)]; nested exception is org.hibernate.exception.SQLGrammarException: could not prepare statement
	at com.example.cifixer.store.ValidationRepositoryTest.setUp(ValidationRepositoryTest.java:29)
Caused by: org.hibernate.exception.SQLGrammarException: could not prepare statement
	at com.example.cifixer.store.ValidationRepositoryTest.setUp(ValidationRepositoryTest.java:29)
Caused by: org.h2.jdbc.JdbcSQLSyntaxErrorException: 
Table "BUILDS" not found; SQL statement:
insert into builds (branch, build_number, commit_sha, created_at, job, payload, repo_url, status, updated_at) values (?, ?, ?, ?, ?, ?, ?, ?, ?) [42102-214]
	at com.example.cifixer.store.ValidationRepositoryTest.setUp(ValidationRepositoryTest.java:29)

